This is pdfTeX, Version 3.141592653-2.6-1.40.29 (TeX Live 2026) (preloaded format=pdflatex 2026.4.2)  4 JUN 2026 11:52
entering extended mode
 restricted \write18 enabled.
 %&-line parsing enabled.
**ramp
(./ramp.tex
LaTeX2e <2025-11-01>
L3 programming layer <2026-03-20>
(c:/texlive/2026/texmf-dist/tex/latex/base/report.cls
Document Class: report 2025/01/22 v1.4n Standard LaTeX document class
(c:/texlive/2026/texmf-dist/tex/latex/base/size11.clo
File: size11.clo 2025/01/22 v1.4n Standard LaTeX file (size option)
)
\c@part=\count275
\c@chapter=\count276
\c@section=\count277
\c@subsection=\count278
\c@subsubsection=\count279
\c@paragraph=\count280
\c@subparagraph=\count281
\c@figure=\count282
\c@table=\count283
\abovecaptionskip=\skip49
\belowcaptionskip=\skip50
\bibindent=\dimen150
)
(c:/texlive/2026/texmf-dist/tex/latex/geometry/geometry.sty
Package: geometry 2026/03/07 v6.0 Page Geometry

(c:/texlive/2026/texmf-dist/tex/latex/graphics/keyval.sty
Package: keyval 2022/05/29 v1.15 key=value parser (DPC)
\KV@toks@=\toks17
)
(c:/texlive/2026/texmf-dist/tex/generic/iftex/ifvtex.sty
Package: ifvtex 2019/10/25 v1.7 ifvtex legacy package. Use iftex instead.

(c:/texlive/2026/texmf-dist/tex/generic/iftex/iftex.sty
Package: iftex 2024/12/12 v1.0g TeX engine tests
))
\Gm@cnth=\count284
\Gm@cntv=\count285
\c@Gm@tempcnt=\count286
\Gm@bindingoffset=\dimen151
\Gm@wd@mp=\dimen152
\Gm@odd@mp=\dimen153
\Gm@even@mp=\dimen154
\Gm@layoutwidth=\dimen155
\Gm@layoutheight=\dimen156
\Gm@layouthoffset=\dimen157
\Gm@layoutvoffset=\dimen158
\Gm@dimlist=\toks18
)
(c:/texlive/2026/texmf-dist/tex/latex/amsfonts/amssymb.sty
Package: amssymb 2013/01/14 v3.01 AMS font symbols

(c:/texlive/2026/texmf-dist/tex/latex/amsfonts/amsfonts.sty
Package: amsfonts 2013/01/14 v3.01 Basic AMSFonts support
\@emptytoks=\toks19
\symAMSa=\mathgroup4
\symAMSb=\mathgroup5
LaTeX Font Info:    Redeclaring math symbol \hbar on input line 98.
LaTeX Font Info:    Overwriting math alphabet `\mathfrak' in version `bold'
(Font)                  U/euf/m/n --> U/euf/b/n on input line 106.
))
(c:/texlive/2026/texmf-dist/tex/latex/base/inputenc.sty
Package: inputenc 2024/02/08 v1.3d Input encoding file
\inpenc@prehook=\toks20
\inpenc@posthook=\toks21
)
(c:/texlive/2026/texmf-dist/tex/latex/base/makeidx.sty
Package: makeidx 2021/10/04 v1.0m Standard LaTeX package
)
\@indexfile=\write3
\openout3 = `ramp.idx'.


Writing index file ramp.idx
(c:/texlive/2026/texmf-dist/tex/latex/graphics/color.sty
Package: color 2025/01/14 v1.3e Standard LaTeX Color (DPC)

(c:/texlive/2026/texmf-dist/tex/latex/graphics-cfg/color.cfg
File: color.cfg 2016/01/02 v1.6 sample color configuration
)
Package color Info: Driver file: pdftex.def on input line 149.

(c:/texlive/2026/texmf-dist/tex/latex/graphics-def/pdftex.def
File: pdftex.def 2025/09/29 v1.2d Graphics/color driver for pdftex
)
(c:/texlive/2026/texmf-dist/tex/latex/graphics/mathcolor.ltx))
(c:/texlive/2026/texmf-dist/tex/latex/fancyvrb/fancyvrb.sty
Package: fancyvrb 2025/07/28 4.6 verbatim text (tvz,hv)
\FV@CodeLineNo=\count287
\FV@InFile=\read2
\FV@TabBox=\box53
\c@FancyVerbLine=\count288
\FV@StepNumber=\count289
\FV@OutFile=\write4
)
(c:/texlive/2026/texmf-dist/tex/latex/psnfss/mathptmx.sty
Package: mathptmx 2020/03/25 PSNFSS-v9.3 Times w/ Math, improved (SPQR, WaS) 
LaTeX Font Info:    Redeclaring symbol font `operators' on input line 28.
LaTeX Font Info:    Overwriting symbol font `operators' in version `normal'
(Font)                  OT1/cmr/m/n --> OT1/ztmcm/m/n on input line 28.
LaTeX Font Info:    Overwriting symbol font `operators' in version `bold'
(Font)                  OT1/cmr/bx/n --> OT1/ztmcm/m/n on input line 28.
LaTeX Font Info:    Redeclaring symbol font `letters' on input line 29.
LaTeX Font Info:    Overwriting symbol font `letters' in version `normal'
(Font)                  OML/cmm/m/it --> OML/ztmcm/m/it on input line 29.
LaTeX Font Info:    Overwriting symbol font `letters' in version `bold'
(Font)                  OML/cmm/b/it --> OML/ztmcm/m/it on input line 29.
LaTeX Font Info:    Redeclaring symbol font `symbols' on input line 30.
LaTeX Font Info:    Overwriting symbol font `symbols' in version `normal'
(Font)                  OMS/cmsy/m/n --> OMS/ztmcm/m/n on input line 30.
LaTeX Font Info:    Overwriting symbol font `symbols' in version `bold'
(Font)                  OMS/cmsy/b/n --> OMS/ztmcm/m/n on input line 30.
LaTeX Font Info:    Redeclaring symbol font `largesymbols' on input line 31.
LaTeX Font Info:    Overwriting symbol font `largesymbols' in version `normal'
(Font)                  OMX/cmex/m/n --> OMX/ztmcm/m/n on input line 31.
LaTeX Font Info:    Overwriting symbol font `largesymbols' in version `bold'
(Font)                  OMX/cmex/m/n --> OMX/ztmcm/m/n on input line 31.
\symbold=\mathgroup6
\symitalic=\mathgroup7
LaTeX Font Info:    Redeclaring math alphabet \mathbf on input line 34.
LaTeX Font Info:    Overwriting math alphabet `\mathbf' in version `normal'
(Font)                  OT1/cmr/bx/n --> OT1/ptm/bx/n on input line 34.
LaTeX Font Info:    Overwriting math alphabet `\mathbf' in version `bold'
(Font)                  OT1/cmr/bx/n --> OT1/ptm/bx/n on input line 34.
LaTeX Font Info:    Redeclaring math alphabet \mathit on input line 35.
LaTeX Font Info:    Overwriting math alphabet `\mathit' in version `normal'
(Font)                  OT1/cmr/m/it --> OT1/ptm/m/it on input line 35.
LaTeX Font Info:    Overwriting math alphabet `\mathit' in version `bold'
(Font)                  OT1/cmr/bx/it --> OT1/ptm/m/it on input line 35.
LaTeX Info: Redefining \hbar on input line 50.
)
(c:/texlive/2026/texmf-dist/tex/latex/psnfss/helvet.sty
Package: helvet 2020/03/25 PSNFSS-v9.3 (WaS) 
)
(c:/texlive/2026/texmf-dist/tex/latex/base/fontenc.sty
Package: fontenc 2025/07/18 v2.1d Standard LaTeX package
LaTeX Font Info:    Trying to load font information for T1+ptm on input line 11
6.

(c:/texlive/2026/texmf-dist/tex/latex/psnfss/t1ptm.fd
File: t1ptm.fd 2001/06/04 font definitions for T1/ptm.
))
(c:/texlive/2026/texmf-dist/tex/latex/base/textcomp.sty
Package: textcomp 2024/04/24 v2.1b Standard LaTeX package
)
(c:/texlive/2026/texmf-dist/tex/latex/hyperref/hyperref.sty
Package: hyperref 2026-01-29 v7.01p Hypertext links for LaTeX

(c:/texlive/2026/texmf-dist/tex/latex/kvsetkeys/kvsetkeys.sty
Package: kvsetkeys 2022-10-05 v1.19 Key value parser (HO)
)
(c:/texlive/2026/texmf-dist/tex/generic/kvdefinekeys/kvdefinekeys.sty
Package: kvdefinekeys 2019-12-19 v1.6 Define keys (HO)
)
(c:/texlive/2026/texmf-dist/tex/generic/pdfescape/pdfescape.sty
Package: pdfescape 2019/12/09 v1.15 Implements pdfTeX's escape features (HO)

(c:/texlive/2026/texmf-dist/tex/generic/ltxcmds/ltxcmds.sty
Package: ltxcmds 2023-12-04 v1.26 LaTeX kernel commands for general use (HO)
)
(c:/texlive/2026/texmf-dist/tex/generic/pdftexcmds/pdftexcmds.sty
Package: pdftexcmds 2020-06-27 v0.33 Utility functions of pdfTeX for LuaTeX (HO
)

(c:/texlive/2026/texmf-dist/tex/generic/infwarerr/infwarerr.sty
Package: infwarerr 2019/12/03 v1.5 Providing info/warning/error messages (HO)
)
Package pdftexcmds Info: \pdf@primitive is available.
Package pdftexcmds Info: \pdf@ifprimitive is available.
Package pdftexcmds Info: \pdfdraftmode found.
))
(c:/texlive/2026/texmf-dist/tex/latex/hycolor/hycolor.sty
Package: hycolor 2020-01-27 v1.10 Color options for hyperref/bookmark (HO)
)
(c:/texlive/2026/texmf-dist/tex/latex/hyperref/nameref.sty
Package: nameref 2026-01-29 v2.58 Cross-referencing by name of section

(c:/texlive/2026/texmf-dist/tex/latex/refcount/refcount.sty
Package: refcount 2019/12/15 v3.6 Data extraction from label references (HO)
)
(c:/texlive/2026/texmf-dist/tex/generic/gettitlestring/gettitlestring.sty
Package: gettitlestring 2019/12/15 v1.6 Cleanup title references (HO)

(c:/texlive/2026/texmf-dist/tex/latex/kvoptions/kvoptions.sty
Package: kvoptions 2022-06-15 v3.15 Key value format for package options (HO)
))
\c@section@level=\count290
)
(c:/texlive/2026/texmf-dist/tex/latex/etoolbox/etoolbox.sty
Package: etoolbox 2025/10/02 v2.5m e-TeX tools for LaTeX (JAW)
\etb@tempcnta=\count291
)
(c:/texlive/2026/texmf-dist/tex/generic/stringenc/stringenc.sty
Package: stringenc 2019/11/29 v1.12 Convert strings between diff. encodings (HO
)
)
\@linkdim=\dimen159
\Hy@linkcounter=\count292
\Hy@pagecounter=\count293

(c:/texlive/2026/texmf-dist/tex/latex/hyperref/pd1enc.def
File: pd1enc.def 2026-01-29 v7.01p Hyperref: PDFDocEncoding definition (HO)
Now handling font encoding PD1 ...
... no UTF-8 mapping file for font encoding PD1
)
(c:/texlive/2026/texmf-dist/tex/generic/intcalc/intcalc.sty
Package: intcalc 2019/12/15 v1.3 Expandable calculations with integers (HO)
)
\Hy@SavedSpaceFactor=\count294

(c:/texlive/2026/texmf-dist/tex/latex/hyperref/puenc.def
File: puenc.def 2026-01-29 v7.01p Hyperref: PDF Unicode definition (HO)
Now handling font encoding PU ...
... no UTF-8 mapping file for font encoding PU
)

Package hyperref Warning: Unexpected value for option `pdftex'
(hyperref)                is ignored on input line 4072.

Package hyperref Info: Option `bookmarks' set `true' on input line 4072.

Package hyperref Warning: Option `a4paper' is no longer used.

Package hyperref Info: Option `colorlinks' set `true' on input line 4072.
Package hyperref Info: Option `breaklinks' set `true' on input line 4072.
Package hyperref Info: Hyper figures OFF on input line 4201.
Package hyperref Info: Link nesting OFF on input line 4206.
Package hyperref Info: Hyper index ON on input line 4209.
Package hyperref Info: Plain pages OFF on input line 4216.
Package hyperref Info: Backreferencing ON on input line 4219.
Package hyperref Info: Implicit mode ON; LaTeX internals redefined.
Package hyperref Info: Bookmarks ON on input line 4468.
(c:/texlive/2026/texmf-dist/tex/latex/hyperref/backref.sty
Package: backref 2025-06-21 v1.45 Bibliographical back referencing

(c:/texlive/2026/texmf-dist/tex/latex/rerunfilecheck/rerunfilecheck.sty
Package: rerunfilecheck 2025-06-21 v1.11 Rerun checks for auxiliary files (HO)

(c:/texlive/2026/texmf-dist/tex/generic/uniquecounter/uniquecounter.sty
Package: uniquecounter 2019/12/15 v1.4 Provide unlimited unique counter (HO)

(c:/texlive/2026/texmf-dist/tex/generic/bigintcalc/bigintcalc.sty
Package: bigintcalc 2019/12/15 v1.5 Expandable calculations on big integers (HO
)
))
Package uniquecounter Info: New unique counter `rerunfilecheck' on input line 2
84.
))
\c@Hy@tempcnt=\count295

(c:/texlive/2026/texmf-dist/tex/latex/url/url.sty
\Urlmuskip=\muskip17
Package: url 2013/09/16  ver 3.4  Verb mode for urls, etc.
)
LaTeX Info: Redefining \url on input line 4807.
\XeTeXLinkMargin=\dimen160

(c:/texlive/2026/texmf-dist/tex/generic/bitset/bitset.sty
Package: bitset 2019/12/09 v1.3 Handle bit-vector datatype (HO)
)
\Fld@menulength=\count296
\Field@Width=\dimen161
\Fld@charsize=\dimen162
Package hyperref Info: Hyper figures OFF on input line 6084.
Package hyperref Info: Link nesting OFF on input line 6089.
Package hyperref Info: Hyper index ON on input line 6092.
Package hyperref Info: backreferencing ON on input line 6097.
Package hyperref Info: Link coloring ON on input line 6102.
Package hyperref Info: Link coloring with OCG OFF on input line 6109.
Package hyperref Info: PDF/A mode OFF on input line 6114.
\Hy@abspage=\count297
\c@Item=\count298
\c@Hfootnote=\count299
)
Package hyperref Info: Driver: hpdftex.

(c:/texlive/2026/texmf-dist/tex/latex/hyperref/hpdftex.def
File: hpdftex.def 2026-01-29 v7.01p Hyperref driver for pdfTeX
\Fld@listcount=\count300
\c@bookmark@seq@number=\count301
\Hy@SectionHShift=\skip51
)
\pagenrlog=\write5
\openout5 = `ramp.pnr'.


(c:/texlive/2026/texmf-dist/tex/latex/enumitem/enumitem.sty
Package: enumitem 2025/02/06 v3.11 Customized lists
\labelindent=\skip52
\enit@outerparindent=\dimen163
\enit@toks=\toks22
\enit@inbox=\box54
\enit@count@id=\count302
\enitdp@description=\count303
)
(c:/texlive/2026/texmf-dist/tex/latex/l3backend/l3backend-pdftex.def
File: l3backend-pdftex.def 2026-02-18 L3 backend support: PDF output (pdfTeX)
\l__color_backend_stack_int=\count304
)
(./ramp.aux)
\openout1 = `ramp.aux'.

LaTeX Font Info:    Checking defaults for OML/cmm/m/it on input line 87.
LaTeX Font Info:    ... okay on input line 87.
LaTeX Font Info:    Checking defaults for OMS/cmsy/m/n on input line 87.
LaTeX Font Info:    ... okay on input line 87.
LaTeX Font Info:    Checking defaults for OT1/cmr/m/n on input line 87.
LaTeX Font Info:    ... okay on input line 87.
LaTeX Font Info:    Checking defaults for T1/cmr/m/n on input line 87.
LaTeX Font Info:    ... okay on input line 87.
LaTeX Font Info:    Checking defaults for TS1/cmr/m/n on input line 87.
LaTeX Font Info:    ... okay on input line 87.
LaTeX Font Info:    Checking defaults for OMX/cmex/m/n on input line 87.
LaTeX Font Info:    ... okay on input line 87.
LaTeX Font Info:    Checking defaults for U/cmr/m/n on input line 87.
LaTeX Font Info:    ... okay on input line 87.
LaTeX Font Info:    Checking defaults for PD1/pdf/m/n on input line 87.
LaTeX Font Info:    ... okay on input line 87.
LaTeX Font Info:    Checking defaults for PU/pdf/m/n on input line 87.
LaTeX Font Info:    ... okay on input line 87.

*geometry* driver: auto-detecting
*geometry* detected driver: pdftex
*geometry* verbose mode - [ preamble ] result:
* driver: pdftex
* paper: a4paper
* layout: <same size as paper>
* layoutoffset:(h,v)=(0.0pt,0.0pt)
* modes: 
* h-part:(L,W,R)=(76.82243pt, 443.863pt, 76.82243pt)
* v-part:(T,H,B)=(105.27519pt, 634.49646pt, 105.27519pt)
* \paperwidth=597.50787pt
* \paperheight=845.04684pt
* \textwidth=443.863pt
* \textheight=634.49646pt
* \oddsidemargin=4.55244pt
* \evensidemargin=4.55244pt
* \topmargin=-3.9948pt
* \headheight=12.0pt
* \headsep=25.0pt
* \topskip=11.0pt
* \footskip=30.0pt
* \marginparwidth=50.0pt
* \marginparsep=10.0pt
* \columnsep=10.0pt
* \skip\footins=10.0pt plus 4.0pt minus 2.0pt
* \hoffset=0.0pt
* \voffset=0.0pt
* \mag=1000
* \@twocolumnfalse
* \@twosidefalse
* \@mparswitchfalse
* \@reversemarginfalse
* (1in=72.27pt=25.4mm, 1cm=28.453pt)

(c:/texlive/2026/texmf-dist/tex/context/base/mkii/supp-pdf.mkii
[Loading MPS to PDF converter (version 2006.09.02).]
\scratchcounter=\count305
\scratchdimen=\dimen164
\scratchbox=\box55
\nofMPsegments=\count306
\nofMParguments=\count307
\everyMPshowfont=\toks23
\MPscratchCnt=\count308
\MPscratchDim=\dimen165
\MPnumerator=\count309
\makeMPintoPDFobject=\count310
\everyMPtoPDFconversion=\toks24
)
\big@size=\dimen166
Package hyperref Info: Link coloring ON on input line 87.
 (./ramp.out) (./ramp.out)
\@outlinefile=\write6
\openout6 = `ramp.out'.



Package hyperref Warning: Token not allowed in a PDF string (Unicode):
(hyperref)                removing `\\' on input line 113.


Package hyperref Warning: Token not allowed in a PDF string (Unicode):
(hyperref)                removing `\\' on input line 113.


Package hyperref Warning: Token not allowed in a PDF string (Unicode):
(hyperref)                removing `\\' on input line 113.


Underfull \hbox (badness 10000) in paragraph at lines 128--133

 []


Underfull \hbox (badness 10000) in paragraph at lines 116--135

 []

[1

{c:/texlive/2026/texmf-var/fonts/map/pdftex/updmap/pdftex.map}{c:/texlive/2026/
texmf-dist/fonts/enc/dvips/base/8r.enc}{c:/texlive/2026/texmf-dist/fonts/enc/dv
ips/cm-super/cm-super-t1.enc}]
LaTeX Font Info:    Trying to load font information for TS1+ptm on input line 1
41.

(c:/texlive/2026/texmf-dist/tex/latex/psnfss/ts1ptm.fd
File: ts1ptm.fd 2001/06/04 font definitions for TS1/ptm.
)
LaTeX Font Info:    Trying to load font information for T1+phv on input line 14
4.

(c:/texlive/2026/texmf-dist/tex/latex/psnfss/t1phv.fd
File: t1phv.fd 2020/03/25 scalable font definitions for T1/phv.
)
Underfull \hbox (badness 10000) in paragraph at lines 144--148

 []


Underfull \hbox (badness 10000) in paragraph at lines 150--152

 []

[2] (./ramp.toc
LaTeX Font Info:    Trying to load font information for OT1+ztmcm on input line
 2.
 (c:/texlive/2026/texmf-dist/tex/latex/psnfss/ot1ztmcm.fd
File: ot1ztmcm.fd 2000/01/03 Fontinst v1.801 font definitions for OT1/ztmcm.
)
LaTeX Font Info:    Trying to load font information for OML+ztmcm on input line
 2.

(c:/texlive/2026/texmf-dist/tex/latex/psnfss/omlztmcm.fd
File: omlztmcm.fd 2000/01/03 Fontinst v1.801 font definitions for OML/ztmcm.
)
LaTeX Font Info:    Trying to load font information for OMS+ztmcm on input line
 2.

(c:/texlive/2026/texmf-dist/tex/latex/psnfss/omsztmcm.fd
File: omsztmcm.fd 2000/01/03 Fontinst v1.801 font definitions for OMS/ztmcm.
)
LaTeX Font Info:    Trying to load font information for OMX+ztmcm on input line
 2.

(c:/texlive/2026/texmf-dist/tex/latex/psnfss/omxztmcm.fd
File: omxztmcm.fd 2000/01/03 Fontinst v1.801 font definitions for OMX/ztmcm.
)
LaTeX Font Info:    Trying to load font information for OT1+ptm on input line 2
.

(c:/texlive/2026/texmf-dist/tex/latex/psnfss/ot1ptm.fd
File: ot1ptm.fd 2001/06/04 font definitions for OT1/ptm.
)
LaTeX Font Info:    Font shape `OT1/ptm/bx/n' in size <10.95> not available
(Font)              Font shape `OT1/ptm/b/n' tried instead on input line 2.
LaTeX Font Info:    Font shape `OT1/ptm/bx/n' in size <8> not available
(Font)              Font shape `OT1/ptm/b/n' tried instead on input line 2.
LaTeX Font Info:    Font shape `OT1/ptm/bx/n' in size <6> not available
(Font)              Font shape `OT1/ptm/b/n' tried instead on input line 2.
 [3

] [4])
\tf@toc=\write7
\openout7 = `ramp.toc'.

 [5]
Chapter 1.

Underfull \hbox (badness 10000) in paragraph at lines 175--177
[]\T1/ptm/m/n/10.95 If us-ing the GAP.app on ma-cOS, this should be your user
 []


Underfull \hbox (badness 1424) in paragraph at lines 175--177
\T1/cmtt/m/n/10.95 Library/Preferences/GAP/pkg \T1/ptm/m/n/10.95 folder. Prob-a
-bly the eas-i-est way to do this if
 []

[6

]
Chapter 2.
[7

]
LaTeX Font Info:    Font shape `T1/cmtt/bx/n' in size <10> not available
(Font)              Font shape `T1/cmtt/m/n' tried instead on input line 254.
 [8]
Chapter 3.
[9

] [10] [11]
Underfull \hbox (badness 3780) in paragraph at lines 520--525
[]\T1/ptm/b/n/10.95 Returns:  \T1/ptm/m/n/10.95 whether [] is gen-er-ated by in
-vo-lu-tions. Or more specif-i-cally, whether
 []

[12] [13]
Underfull \hbox (badness 1365) in paragraph at lines 713--715
\T1/ptm/m/n/10.95 For con-ve-nience, you can also use a re-flex-i-ble ma-ni-ple
x M in place of g, in which case
 []


Underfull \hbox (badness 2556) in paragraph at lines 787--789
\T1/ptm/m/n/10.95 For con-ve-nience, you can also use a ro-tary ma-ni-plex M in
 place of g, in which case
 []

[14]
Underfull \hbox (badness 10000) in paragraph at lines 820--823

 []

[15]
Underfull \hbox (badness 10000) in paragraph at lines 948--951

 []


Underfull \hbox (badness 10000) in paragraph at lines 965--968

 []

[16] [17]
Chapter 4.
[18

] [19] [20]
Underfull \hbox (badness 10000) in paragraph at lines 1292--1304

 []

[21] [22]
Underfull \hbox (badness 10000) in paragraph at lines 1367--1370

 []


Underfull \hbox (badness 10000) in paragraph at lines 1450--1453

 []

[23]
Underfull \hbox (badness 10000) in paragraph at lines 1471--1474

 []

[24]
Chapter 5.
[25

] [26] [27] [28] [29] [30]
Underfull \hbox (badness 10000) in paragraph at lines 2097--2098
[]\T1/ptm/m/n/10.95 Assumes \T1/cmtt/m/n/10.95 j=i+1 \T1/ptm/m/n/10.95 and buil
ds the 3 flag pre-ma-ni-plex of rank [] de-scribed on
 []


Underfull \hbox (badness 10000) in paragraph at lines 2097--2098
\T1/ptm/m/n/10.95 Page 11 of Sym-me-try Type Graphs of Poly-topes and Ma-ni-ple
xes [[]][]
 []


Underfull \hbox (badness 10000) in paragraph at lines 2141--2144

 []


Underfull \hbox (badness 10000) in paragraph at lines 2159--2162

 []

[31] [32] [33] [34] [35] [36] [37]
Chapter 6.

pdfTeX warning (ext4): destination with the same identifier (name{L.X868F7BAB7A
C2EEBC}) has been already used, duplicate ignored
<to be read again> 
                   \relax 
l.2704 \hyperdef{L}{X868F7BAB7AC2EEBC}{}
                                        
Underfull \hbox (badness 10000) in paragraph at lines 2750--2753

 []


Underfull \hbox (badness 10000) in paragraph at lines 2767--2770

 []


Underfull \hbox (badness 10000) in paragraph at lines 2784--2787

 []

[38

]
Underfull \hbox (badness 10000) in paragraph at lines 2801--2804

 []


Underfull \hbox (badness 10000) in paragraph at lines 2818--2821

 []


Underfull \hbox (badness 10000) in paragraph at lines 2836--2839

 []


Underfull \hbox (badness 10000) in paragraph at lines 2853--2856

 []


Underfull \hbox (badness 10000) in paragraph at lines 2870--2879

 []

[39]
Underfull \hbox (badness 10000) in paragraph at lines 2899--2908

 []


Underfull \hbox (badness 10000) in paragraph at lines 2927--2936

 []

[40] [41] [42
pdfTeX warning (ext4): destination with the same identifier (name{L.X877E841E7F
BCEAAE}) has been already used, duplicate ignored
<argument> ...shipout:D \box_use:N \l_shipout_box 
                                                  \__shipout_drop_firstpage_...
l.3119 \end{Verbatim}
                     ]
Underfull \hbox (badness 10000) in paragraph at lines 3132--3135

 []


Underfull \hbox (badness 10000) in paragraph at lines 3152--3155

 []

[43] [44] [45]
Underfull \hbox (badness 10000) in paragraph at lines 3430--3433

 []


Underfull \hbox (badness 10000) in paragraph at lines 3496--3499

 []

[46]
Underfull \hbox (badness 10000) in paragraph at lines 3513--3516

 []

[47] [48]
Chapter 7.

Underfull \hbox (badness 10000) in paragraph at lines 3704--3716

 []

[49

]
Underfull \hbox (badness 10000) in paragraph at lines 3752--3755

 []


Underfull \hbox (badness 10000) in paragraph at lines 3772--3775

 []


Underfull \hbox (badness 10000) in paragraph at lines 3790--3793

 []


Underfull \hbox (badness 10000) in paragraph at lines 3807--3810

 []


Underfull \hbox (badness 10000) in paragraph at lines 3826--3829

 []

[50]
Underfull \hbox (badness 10000) in paragraph at lines 3839--3842

 []


Underfull \hbox (badness 10000) in paragraph at lines 3861--3867

 []


Underfull \hbox (badness 10000) in paragraph at lines 3885--3888

 []

[51] [52] [53] [54] [55]
Underfull \hbox (badness 10000) in paragraph at lines 4360--4363

 []


Underfull \hbox (badness 10000) in paragraph at lines 4384--4387

 []


Underfull \hbox (badness 10000) in paragraph at lines 4397--4400

 []

[56]
Underfull \hbox (badness 10000) in paragraph at lines 4410--4413

 []


Underfull \hbox (badness 10000) in paragraph at lines 4423--4426

 []


Underfull \hbox (badness 10000) in paragraph at lines 4442--4445

 []

[57]
Underfull \hbox (badness 10000) in paragraph at lines 4543--4546

 []


Underfull \hbox (badness 10000) in paragraph at lines 4560--4563

 []

[58] [59]
Underfull \hbox (badness 10000) in paragraph at lines 4695--4698

 []


Underfull \hbox (badness 2980) in paragraph at lines 4700--4702
[]\T1/ptm/m/n/10.95 Returns a list of lists of flags, rep-re-sent-ing the or-bi
ts of flags un-der the ac-tion of
 []

[60]
Chapter 8.
[61

] [62]
Underfull \hbox (badness 1533) in paragraph at lines 4954--4955
[]\T1/ptm/m/n/10.95 Returns whether there is an iso-mor-phism from [] to [] tha
t sends \T1/cmtt/m/n/10.95 BaseFlag(M2) \T1/ptm/m/n/10.95 to
 []

[63]
Underfull \hbox (badness 10000) in paragraph at lines 4970--4973

 []


Underfull \hbox (badness 10000) in paragraph at lines 4990--4993

 []


Underfull \hbox (badness 10000) in paragraph at lines 5014--5017

 []


Underfull \hbox (badness 1867) in paragraph at lines 5019--5027
[]\T1/ptm/m/n/10.95 Given a re-flex-i-ble ma-ni-plex [], gen-er-ates the nor-ma
l clo-sure N of the sub-group S of
 []

[64] [65]
Chapter 9.
[66

] [67] [68] [69] [70]
Underfull \hbox (badness 10000) in paragraph at lines 5569--5572

 []


Underfull \hbox (badness 10000) in paragraph at lines 5617--5620

 []

[71]
Underfull \hbox (badness 10000) in paragraph at lines 5639--5642

 []

[72] [73]
Underfull \hbox (badness 10000) in paragraph at lines 5834--5840

 []


Underfull \hbox (badness 10000) in paragraph at lines 5856--5862

 []


Underfull \hbox (badness 10000) in paragraph at lines 5878--5884

 []

[74] [75] [76]
Chapter 10.
[77

] [78] [79]
Chapter 11.
[80

]
Underfull \hbox (badness 2213) in paragraph at lines 6304--6305
[]\T1/ptm/m/n/10.95 Given in-te-gers sat-is-fy-ing the con-straints in [[]][], 
this func-tion will cre-ate the map
 []

[81] [82] [83] [84]
Underfull \hbox (badness 10000) in paragraph at lines 6643--6644
\T1/ptm/m/n/10.95 Another ex-cel-lent source for in-for-ma-tion on these types 
of op-er-a-tions is
 []


Underfull \hbox (badness 5578) in paragraph at lines 6643--6644
\T1/cmtt/m/n/10.95 https://antitile.readthedocs.io/en/latest/conway.html\T1/ptm
/m/n/10.95 . Ad-di-tional func-tions are
 []

[85] [86] [87] [88] [89]
Chapter 12.
[90

] [91] [92] [93]
Underfull \hbox (badness 10000) in paragraph at lines 7413--7416

 []

[94]
Underfull \hbox (badness 10000) in paragraph at lines 7437--7440

 []


Underfull \hbox (badness 10000) in paragraph at lines 7451--7454

 []


Underfull \hbox (badness 10000) in paragraph at lines 7467--7470

 []

[95] [96] [97] [98] [99]
Underfull \hbox (badness 10000) in paragraph at lines 7909--7912

 []


Underfull \hbox (badness 10000) in paragraph at lines 7922--7925

 []

[100]
Underfull \hbox (badness 10000) in paragraph at lines 7964--7967

 []


Underfull \hbox (badness 10000) in paragraph at lines 7977--7980

 []

[101]
Underfull \hbox (badness 10000) in paragraph at lines 8089--8092

 []

[102] [103]
Underfull \hbox (badness 10000) in paragraph at lines 8364--8367

 []

[104]
Underfull \hbox (badness 1533) in paragraph at lines 8427--8428
\T1/ptm/m/n/10.95 The prod-ucts doc-u-mented in this sec-tion were de-fined by 
Glea-son and Hubard in [[]][]
 []

[105] [106] [107]
Chapter 13.

Overfull \hbox (8.24928pt too wide) in paragraph at lines 8611--8613
[]\T1/ptm/m/n/10.95 Petersen Graph as de-scribed at https://www.gap\T1/cmtt/m/n
/10.95 -\T1/ptm/m/n/10.95 system.org/Manuals/pkg/grape/htm/CHAP002.htm
 []


Underfull \hbox (badness 10000) in paragraph at lines 8611--8613

 []

[108

] [109] [110] [111] [112] [113] [114] [115] [116] [117]
Chapter 14.

Underfull \hbox (badness 10000) in paragraph at lines 9400--9403

 []

[118

] [119] [120]
Underfull \hbox (badness 10000) in paragraph at lines 9612--9615

 []


Underfull \hbox (badness 10000) in paragraph at lines 9624--9627

 []


Underfull \hbox (badness 1975) in paragraph at lines 9629--9631
[]\T1/ptm/m/n/10.95 Given an Is-Volt-age-Graph [], an IsInt [], an IsInt [], an
d an IsOb-ject [],
 []


Underfull \hbox (badness 10000) in paragraph at lines 9652--9655

 []

[121]
Underfull \hbox (badness 10000) in paragraph at lines 9678--9681

 []

[122]
Chapter 15.

Underfull \hbox (badness 10000) in paragraph at lines 9722--9725

 []

[123

] [124] [125] [126] [127] [128]
Chapter 16.

Underfull \hbox (badness 10000) in paragraph at lines 10164--10167

 []


Underfull \hbox (badness 10000) in paragraph at lines 10191--10194

 []


Underfull \hbox (badness 10000) in paragraph at lines 10209--10212

 []

[129

]
Underfull \hbox (badness 10000) in paragraph at lines 10227--10230

 []


Underfull \hbox (badness 10000) in paragraph at lines 10254--10257

 []


Underfull \hbox (badness 10000) in paragraph at lines 10271--10274

 []

[130]
Underfull \hbox (badness 10000) in paragraph at lines 10377--10380

 []

[131]
Underfull \hbox (badness 10000) in paragraph at lines 10435--10438

 []


Underfull \hbox (badness 10000) in paragraph at lines 10459--10462

 []

[132]
Underfull \hbox (badness 10000) in paragraph at lines 10485--10488

 []


Underfull \hbox (badness 10000) in paragraph at lines 10514--10517

 []


Underfull \hbox (badness 10000) in paragraph at lines 10533--10536

 []

[133]
Underfull \hbox (badness 1436) in paragraph at lines 10564--10567
[]\T1/ptm/m/n/10.95 Note that the way that we re-cal-cu-late the prop-er-ties i
s to build a new ma-ni-plex from
 []

[134] [135]
Chapter 17.
[136

]
Chapter 18.
[137


pdfTeX warning (ext4): destination with the same identifier (name{L.X7DE9AB377D
A3E76E}) has been already used, duplicate ignored
<argument> ...shipout:D \box_use:N \l_shipout_box 
                                                  \__shipout_drop_firstpage_...
l.10815  R
          eturns the finitely presented group stored for the Hartley ID \mbo...
] (./ramp.bbl (./ramp.brf)
\tf@brf=\write8
\openout8 = `ramp.brf'.

 [138] [139

]) [140] (./ramp.ind
Underfull \hbox (badness 10000) in paragraph at lines 45--46
[]\T1/cmtt/m/n/10.95 Automorphism\T1/ptm/m/n/10.95 -\T1/cmtt/m/n/10.95 Class\T1
/ptm/m/n/10.95 -\T1/cmtt/m/n/10.95 Representative\T1/ptm/m/n/10.95 -
 []

[141


]
Underfull \hbox (badness 10000) in paragraph at lines 126--127
[]\T1/cmtt/m/n/10.95 Conjugacy\T1/ptm/m/n/10.95 -\T1/cmtt/m/n/10.95 Classes\T1/
ptm/m/n/10.95 -\T1/cmtt/m/n/10.95 Of\T1/ptm/m/n/10.95 -\T1/cmtt/m/n/10.95 Invol
utions\T1/ptm/m/n/10.95 -
 []

[142] [143] [144] [145] [146] [147]
Underfull \hbox (badness 10000) in paragraph at lines 690--691
[]\T1/cmtt/m/n/10.95 Really\T1/ptm/m/n/10.95 -\T1/cmtt/m/n/10.95 Natural\T1/ptm
/m/n/10.95 -\T1/cmtt/m/n/10.95 Homomorphism\T1/ptm/m/n/10.95 -\T1/cmtt/m/n/10.9
5 By\T1/ptm/m/n/10.95 -\T1/cmtt/m/n/10.95 Normal\T1/ptm/m/n/10.95 -
 []

[148]
Underfull \hbox (badness 10000) in paragraph at lines 869--870
[]| \T1/ptm/m/n/10.95 for Is-Volt-age-Graph,IsEdgeLabeledGraph,
 []

[149] [150

]) (./ramp.aux)
 ***********
LaTeX2e <2025-11-01>
L3 programming layer <2026-03-20>
 ***********
Package rerunfilecheck Info: File `ramp.out' has not changed.
(rerunfilecheck)             Checksum: 4FBED7B71ED1F765F969EB12C6DD95F3;11312.
Package rerunfilecheck Info: File `ramp.brf' has not changed.
(rerunfilecheck)             Checksum: F4F1C529E3025B7323BA20CB497C3CB3;1221.
 ) 
Here is how much of TeX's memory you used:
 12632 strings out of 467349
 202834 string characters out of 5419857
 638267 words of memory out of 5000000
 40341 multiletter control sequences out of 15000+600000
 690942 words of font info for 116 fonts, out of 8000000 for 9000
 1141 hyphenation exceptions out of 8191
 90i,7n,93p,940b,903s stack positions out of 10000i,1000n,20000p,200000b,200000s
<c:/texlive/2026/texmf-dist/fonts/type1/public/amsfonts/cm/cmmi10.pfb><c:/tex
live/2026/texmf-dist/fonts/type1/public/amsfonts/cm/cmr10.pfb><c:/texlive/2026/
texmf-dist/fonts/type1/public/amsfonts/cm/cmsy10.pfb><c:/texlive/2026/texmf-dis
t/fonts/type1/public/cm-super/sfit1095.pfb><c:/texlive/2026/texmf-dist/fonts/ty
pe1/public/cm-super/sfst1095.pfb><c:/texlive/2026/texmf-dist/fonts/type1/public
/cm-super/sftt1000.pfb><c:/texlive/2026/texmf-dist/fonts/type1/public/cm-super/
sftt1095.pfb><c:/texlive/2026/texmf-dist/fonts/type1/urw/helvetic/uhvr8a.pfb><c
:/texlive/2026/texmf-dist/fonts/type1/urw/symbol/usyr.pfb><c:/texlive/2026/texm
f-dist/fonts/type1/urw/symbol/usyr.pfb><c:/texlive/2026/texmf-dist/fonts/type1/
urw/times/utmb8a.pfb><c:/texlive/2026/texmf-dist/fonts/type1/urw/times/utmr8a.p
fb><c:/texlive/2026/texmf-dist/fonts/type1/urw/times/utmr8a.pfb><c:/texlive/202
6/texmf-dist/fonts/type1/urw/times/utmri8a.pfb>
Output written on ramp.pdf (150 pages, 555276 bytes).
PDF statistics:
 2882 PDF objects out of 2984 (max. 8388607)
 2675 compressed objects within 27 object streams
 1211 named destinations out of 1440 (max. 500000)
 609 words of extra memory for PDF output out of 10000 (max. 10000000)

