\BOOKMARK [0][-]{chapter.1}{\376\377\000I\000n\000s\000t\000a\000l\000l\000a\000t\000i\000o\000n}{}% 1
\BOOKMARK [1][-]{section.1.1}{\376\377\000B\000a\000s\000i\000c\000s}{chapter.1}% 2
\BOOKMARK [0][-]{chapter.2}{\376\377\000U\000s\000i\000n\000g\000\040\000R\000A\000M\000P}{}% 3
\BOOKMARK [1][-]{section.2.1}{\376\377\000A\000s\000s\000u\000m\000p\000t\000i\000o\000n\000s}{chapter.2}% 4
\BOOKMARK [1][-]{section.2.2}{\376\377\000E\000x\000t\000e\000n\000d\000i\000n\000g\000\040\000R\000A\000M\000P}{chapter.2}% 5
\BOOKMARK [0][-]{chapter.3}{\376\377\000M\000a\000n\000i\000p\000l\000e\000x\000\040\000C\000o\000n\000s\000t\000r\000u\000c\000t\000o\000r\000s}{}% 6
\BOOKMARK [1][-]{section.3.1}{\376\377\000R\000e\000f\000l\000e\000x\000i\000b\000l\000e\000\040\000M\000a\000n\000i\000p\000l\000e\000x\000e\000s}{chapter.3}% 7
\BOOKMARK [1][-]{section.3.2}{\376\377\000M\000a\000n\000i\000p\000l\000e\000x\000e\000s}{chapter.3}% 8
\BOOKMARK [0][-]{chapter.4}{\376\377\000G\000r\000o\000u\000p\000s\000\040\000f\000o\000r\000\040\000M\000a\000p\000s\000,\000\040\000P\000o\000l\000y\000t\000o\000p\000e\000s\000,\000\040\000a\000n\000d\000\040\000M\000a\000n\000i\000p\000l\000e\000x\000e\000s}{}% 9
\BOOKMARK [1][-]{section.4.1}{\376\377\000G\000r\000o\000u\000p\000s\000\040\000o\000f\000\040\000M\000a\000p\000s\000,\000\040\000P\000o\000l\000y\000t\000o\000p\000e\000s\000,\000\040\000a\000n\000d\000\040\000M\000a\000n\000i\000p\000l\000e\000x\000e\000s}{chapter.4}% 10
\BOOKMARK [1][-]{section.4.2}{\376\377\000S\000g\000g\000i\000s}{chapter.4}% 11
\BOOKMARK [0][-]{chapter.5}{\376\377\000F\000a\000m\000i\000l\000i\000e\000s\000\040\000o\000f\000\040\000P\000o\000l\000y\000t\000o\000p\000e\000s}{}% 12
\BOOKMARK [1][-]{section.5.1}{\376\377\000C\000l\000a\000s\000s\000i\000c\000a\000l\000\040\000p\000o\000l\000y\000t\000o\000p\000e\000s}{chapter.5}% 13
\BOOKMARK [1][-]{section.5.2}{\376\377\000F\000l\000a\000t\000\040\000a\000n\000d\000\040\000t\000i\000g\000h\000t\000\040\000p\000o\000l\000y\000t\000o\000p\000e\000s}{chapter.5}% 14
\BOOKMARK [1][-]{section.5.3}{\376\377\000T\000h\000e\000\040\000T\000o\000m\000o\000t\000o\000p\000e}{chapter.5}% 15
\BOOKMARK [1][-]{section.5.4}{\376\377\000T\000o\000r\000o\000i\000d\000s}{chapter.5}% 16
\BOOKMARK [1][-]{section.5.5}{\376\377\000U\000n\000i\000f\000o\000r\000m\000\040\000a\000n\000d\000\040\000A\000r\000c\000h\000i\000m\000e\000d\000e\000a\000n\000\040\000p\000o\000l\000y\000h\000e\000d\000r\000a}{chapter.5}% 17
\BOOKMARK [0][-]{chapter.6}{\376\377\000M\000a\000n\000i\000p\000l\000e\000x\000e\000s}{}% 18
\BOOKMARK [1][-]{section.6.1}{\376\377\000M\000i\000x\000i\000n\000g\000\040\000o\000f\000\040\000M\000a\000n\000i\000p\000l\000e\000x\000e\000s\000\040\000f\000u\000n\000c\000t\000i\000o\000n\000s}{chapter.6}% 19
\BOOKMARK [1][-]{section.6.2}{\376\377\000S\000u\000b\000c\000l\000a\000s\000s\000e\000s\000\040\000o\000f\000\040\000m\000a\000n\000i\000p\000l\000e\000x}{chapter.6}% 20
\BOOKMARK [1][-]{section.6.3}{\376\377\000R\000o\000t\000a\000r\000y\000\040\000m\000a\000n\000i\000p\000l\000e\000x\000e\000s\000\040\000a\000n\000d\000\040\000r\000o\000t\000a\000t\000i\000o\000n\000\040\000g\000r\000o\000u\000p\000s}{chapter.6}% 21
\BOOKMARK [0][-]{chapter.7}{\376\377\000M\000a\000n\000i\000p\000l\000e\000x\000\040\000P\000r\000o\000p\000e\000r\000t\000i\000e\000s}{}% 22
\BOOKMARK [1][-]{section.7.1}{\376\377\000A\000u\000t\000o\000m\000o\000r\000p\000h\000i\000s\000m\000\040\000g\000r\000o\000u\000p\000\040\000a\000c\000t\000i\000n\000g\000\040\000o\000n\000\040\000f\000a\000c\000e\000s\000\040\000a\000n\000d\000\040\000c\000h\000a\000i\000n\000s}{chapter.7}% 23
\BOOKMARK [1][-]{section.7.2}{\376\377\000N\000u\000m\000b\000e\000r\000\040\000o\000f\000\040\000o\000r\000b\000i\000t\000s\000\040\000a\000n\000d\000\040\000t\000r\000a\000n\000s\000i\000t\000i\000v\000i\000t\000y}{chapter.7}% 24
\BOOKMARK [1][-]{section.7.3}{\376\377\000F\000a\000i\000t\000h\000f\000u\000l\000n\000e\000s\000s}{chapter.7}% 25
\BOOKMARK [1][-]{section.7.4}{\376\377\000F\000l\000a\000g\000\040\000o\000r\000b\000i\000t\000s}{chapter.7}% 26
\BOOKMARK [1][-]{section.7.5}{\376\377\000O\000r\000i\000e\000n\000t\000a\000b\000i\000l\000i\000t\000y}{chapter.7}% 27
\BOOKMARK [0][-]{chapter.8}{\376\377\000C\000o\000m\000p\000a\000r\000i\000n\000g\000\040\000m\000a\000n\000i\000p\000l\000e\000x\000e\000s}{}% 28
\BOOKMARK [1][-]{section.8.1}{\376\377\000Q\000u\000o\000t\000i\000e\000n\000t\000s\000\040\000a\000n\000d\000\040\000c\000o\000v\000e\000r\000s}{chapter.8}% 29
\BOOKMARK [0][-]{chapter.9}{\376\377\000P\000o\000s\000e\000t\000s}{}% 30
\BOOKMARK [1][-]{section.9.1}{\376\377\000P\000o\000s\000e\000t\000\040\000c\000o\000n\000s\000t\000r\000u\000c\000t\000o\000r\000s}{chapter.9}% 31
\BOOKMARK [1][-]{section.9.2}{\376\377\000P\000o\000s\000e\000t\000\040\000a\000t\000t\000r\000i\000b\000u\000t\000e\000s}{chapter.9}% 32
\BOOKMARK [1][-]{section.9.3}{\376\377\000W\000o\000r\000k\000i\000n\000g\000\040\000w\000i\000t\000h\000\040\000p\000o\000s\000e\000t\000s}{chapter.9}% 33
\BOOKMARK [1][-]{section.9.4}{\376\377\000E\000l\000e\000m\000e\000n\000t\000\040\000c\000o\000n\000s\000t\000r\000u\000c\000t\000o\000r\000s}{chapter.9}% 34
\BOOKMARK [1][-]{section.9.5}{\376\377\000E\000l\000e\000m\000e\000n\000t\000\040\000o\000p\000e\000r\000a\000t\000i\000o\000n\000s}{chapter.9}% 35
\BOOKMARK [1][-]{section.9.6}{\376\377\000P\000r\000o\000d\000u\000c\000t\000\040\000o\000p\000e\000r\000a\000t\000i\000o\000n\000s}{chapter.9}% 36
\BOOKMARK [0][-]{chapter.10}{\376\377\000P\000o\000l\000y\000t\000o\000p\000e\000\040\000C\000o\000n\000s\000t\000r\000u\000c\000t\000i\000o\000n\000s\000\040\000a\000n\000d\000\040\000O\000p\000e\000r\000a\000t\000i\000o\000n\000s}{}% 37
\BOOKMARK [1][-]{section.10.1}{\376\377\000E\000x\000t\000e\000n\000s\000i\000o\000n\000s\000,\000\040\000a\000m\000a\000l\000g\000a\000m\000a\000t\000i\000o\000n\000s\000,\000\040\000a\000n\000d\000\040\000q\000u\000o\000t\000i\000e\000n\000t\000s}{chapter.10}% 38
\BOOKMARK [1][-]{section.10.2}{\376\377\000D\000u\000a\000l\000i\000t\000y}{chapter.10}% 39
\BOOKMARK [1][-]{section.10.3}{\376\377\000P\000r\000o\000d\000u\000c\000t\000s}{chapter.10}% 40
\BOOKMARK [0][-]{chapter.11}{\376\377\000C\000o\000m\000b\000i\000n\000a\000t\000o\000r\000i\000c\000s\000\040\000a\000n\000d\000\040\000S\000t\000r\000u\000c\000t\000u\000r\000e}{}% 41
\BOOKMARK [1][-]{section.11.1}{\376\377\000F\000a\000c\000e\000s}{chapter.11}% 42
\BOOKMARK [1][-]{section.11.2}{\376\377\000F\000l\000a\000t\000n\000e\000s\000s}{chapter.11}% 43
\BOOKMARK [1][-]{section.11.3}{\376\377\000S\000c\000h\000l\000a\000f\000l\000i\000\040\000s\000y\000m\000b\000o\000l}{chapter.11}% 44
\BOOKMARK [1][-]{section.11.4}{\376\377\000B\000a\000s\000i\000c\000s}{chapter.11}% 45
\BOOKMARK [1][-]{section.11.5}{\376\377\000Z\000i\000g\000z\000a\000g\000s\000\040\000a\000n\000d\000\040\000h\000o\000l\000e\000s}{chapter.11}% 46
\BOOKMARK [0][-]{chapter.12}{\376\377\000G\000r\000a\000p\000h\000s\000\040\000f\000o\000r\000\040\000M\000a\000n\000i\000p\000l\000e\000x\000e\000s}{}% 47
\BOOKMARK [1][-]{section.12.1}{\376\377\000G\000r\000a\000p\000h\000\040\000f\000a\000m\000i\000l\000i\000e\000s}{chapter.12}% 48
\BOOKMARK [1][-]{section.12.2}{\376\377\000G\000r\000a\000p\000h\000\040\000c\000o\000n\000s\000t\000r\000u\000c\000t\000o\000r\000s\000\040\000f\000o\000r\000\040\000m\000a\000n\000i\000p\000l\000e\000x\000e\000s}{chapter.12}% 49
\BOOKMARK [0][-]{chapter.13}{\376\377\000D\000a\000t\000a\000b\000a\000s\000e\000s}{}% 50
\BOOKMARK [1][-]{section.13.1}{\376\377\000R\000e\000g\000u\000l\000a\000r\000\040\000p\000o\000l\000y\000h\000e\000d\000r\000a}{chapter.13}% 51
\BOOKMARK [1][-]{section.13.2}{\376\377\000S\000y\000s\000t\000e\000m\000\040\000i\000n\000t\000e\000r\000n\000a\000l\000\040\000r\000e\000p\000r\000e\000s\000e\000n\000t\000a\000t\000i\000o\000n\000s}{chapter.13}% 52
\BOOKMARK [0][-]{chapter.14}{\376\377\000S\000t\000r\000a\000t\000i\000f\000i\000e\000d\000\040\000O\000p\000e\000r\000a\000t\000i\000o\000n\000s}{}% 53
\BOOKMARK [1][-]{section.14.1}{\376\377\000C\000o\000m\000p\000u\000t\000a\000t\000i\000o\000n\000a\000l\000\040\000t\000o\000o\000l\000s}{chapter.14}% 54
\BOOKMARK [0][-]{chapter.15}{\376\377\000M\000a\000p\000s\000\040\000O\000n\000\040\000S\000u\000r\000f\000a\000c\000e\000s}{}% 55
\BOOKMARK [1][-]{section.15.1}{\376\377\000B\000i\000c\000o\000n\000t\000a\000c\000t\000u\000a\000l\000\040\000r\000e\000g\000u\000l\000a\000r\000\040\000m\000a\000p\000s}{chapter.15}% 56
\BOOKMARK [1][-]{section.15.2}{\376\377\000O\000p\000e\000r\000a\000t\000i\000o\000n\000s\000\040\000o\000n\000\040\000r\000e\000f\000l\000e\000x\000i\000b\000l\000e\000\040\000m\000a\000p\000s}{chapter.15}% 57
\BOOKMARK [1][-]{section.15.3}{\376\377\000M\000a\000p\000\040\000p\000r\000o\000p\000e\000r\000t\000i\000e\000s}{chapter.15}% 58
\BOOKMARK [1][-]{section.15.4}{\376\377\000O\000p\000e\000r\000a\000t\000i\000o\000n\000s\000\040\000o\000n\000\040\000m\000a\000p\000s}{chapter.15}% 59
\BOOKMARK [1][-]{section.15.5}{\376\377\000C\000o\000n\000w\000a\000y\000\040\000p\000o\000l\000y\000h\000e\000d\000r\000o\000n\000\040\000o\000p\000e\000r\000a\000t\000o\000r\000\040\000n\000o\000t\000a\000t\000i\000o\000n}{chapter.15}% 60
\BOOKMARK [1][-]{section.15.6}{\376\377\000E\000x\000t\000e\000n\000d\000e\000d\000\040\000o\000p\000e\000r\000a\000t\000i\000o\000n\000s}{chapter.15}% 61
\BOOKMARK [0][-]{chapter.16}{\376\377\000U\000t\000i\000l\000i\000t\000y\000\040\000F\000u\000n\000c\000t\000i\000o\000n\000s}{}% 62
\BOOKMARK [1][-]{section.16.1}{\376\377\000S\000y\000s\000t\000e\000m}{chapter.16}% 63
\BOOKMARK [1][-]{section.16.2}{\376\377\000P\000o\000l\000y\000t\000o\000p\000e\000s}{chapter.16}% 64
\BOOKMARK [1][-]{section.16.3}{\376\377\000P\000e\000r\000m\000u\000t\000a\000t\000i\000o\000n\000s}{chapter.16}% 65
\BOOKMARK [1][-]{section.16.4}{\376\377\000W\000o\000r\000d\000s\000\040\000o\000n\000\040\000r\000e\000l\000a\000t\000i\000o\000n\000s}{chapter.16}% 66
\BOOKMARK [0][-]{chapter.17}{\376\377\000S\000y\000n\000o\000n\000y\000m\000s\000\040\000f\000o\000r\000\040\000C\000o\000m\000m\000a\000n\000d\000s}{}% 67
\BOOKMARK [0][-]{chapter.18}{\376\377\000V\000o\000l\000t\000a\000g\000e\000\040\000G\000r\000a\000p\000h\000s\000\040\000a\000n\000d\000\040\000O\000p\000e\000r\000a\000t\000i\000o\000n\000s}{}% 68
\BOOKMARK [1][-]{section.18.1}{\376\377\000V\000o\000l\000t\000a\000g\000e\000\040\000O\000p\000e\000r\000a\000t\000o\000r}{chapter.18}% 69
\BOOKMARK [0][-]{chapter*.4}{\376\377\000R\000e\000f\000e\000r\000e\000n\000c\000e\000s}{}% 70
\BOOKMARK [0][-]{section*.5}{\376\377\000I\000n\000d\000e\000x}{}% 71
